<?xml version="1.0" encoding="UTF-8"?>
<!-- Generated by org.testng.reporters.JUnitReportReporter -->
<testsuite hostname="DESKTOP-3LQ9VJ5" failures="0" tests="2" name="testcase.Login" time="16.557" errors="0" timestamp="2023-10-21T10:56:16 IST" skipped="0">
  <testcase classname="testcase.Login" name="verifyWithValidCredentials" time="8.466"/>
  <testcase classname="testcase.Login" name="verifyIfErrorMessageIsDisplayedForInvalidPassword" time="8.091"/>
</testsuite> <!-- testcase.Login -->
