<?xml version="1.0" encoding="UTF-8"?>
<!-- Generated by org.testng.reporters.JUnitReportReporter -->
<testsuite hostname="DESKTOP-3LQ9VJ5" failures="0" tests="3" name="testcase.Register" time="16.794" errors="0" timestamp="2023-12-05T22:15:18 IST" skipped="0">
  <testcase classname="testcase.Register" name="verifyRegisterErrorMessages" time="4.477"/>
  <system-out/>
  <testcase classname="testcase.Register" name="NewRegistrationFlow" time="7.525"/>
  <system-out/>
  <testcase classname="testcase.Register" name="LoginFlow" time="4.792"/>
  <system-out/>
</testsuite> <!-- testcase.Register -->
